<?xml version="1.0" encoding="UTF-8"?>
<!-- Generated by org.testng.reporters.JUnitXMLReporter -->
<testsuite ignored="0" hostname="DESKTOP-QVPU5JL" failures="0" tests="10" name="Newsletter Tests" time="30.648" errors="0" timestamp="2026-05-12T19:29:59 CAT">
  <testcase classname="com.automation.tests.NewsletterTest" name="testDismissReturnsToSignupCard" time="0.314"/>
  <testcase classname="com.automation.tests.NewsletterTest" name="testEmptyEmailShowsError" time="0.203"/>
  <testcase classname="com.automation.tests.NewsletterTest" name="testErrorClearsOnValidInput" time="0.307"/>
  <testcase classname="com.automation.tests.NewsletterTest" name="testErrorMessageText" time="0.256"/>
  <testcase classname="com.automation.tests.NewsletterTest" name="testInvalidEmailSetsErrorStyle" time="0.282"/>
  <testcase classname="com.automation.tests.NewsletterTest" name="testInvalidEmailShowsError" time="0.227"/>
  <testcase classname="com.automation.tests.NewsletterTest" name="testSignupCardHiddenAfterSubscribe" time="0.2"/>
  <testcase classname="com.automation.tests.NewsletterTest" name="testSuccessCardHiddenOnLoad" time="0.022"/>
  <testcase classname="com.automation.tests.NewsletterTest" name="testSuccessCardShowsCorrectEmail" time="0.795"/>
  <testcase classname="com.automation.tests.NewsletterTest" name="testValidEmailShowsSuccessCard" time="0.207"/>
</testsuite> <!-- Newsletter Tests -->
