<?xml version="1.0" encoding="UTF-8"?>
<!-- Generated by org.testng.reporters.JUnitXMLReporter -->
<testsuite ignored="5" hostname="DESKTOP-QVPU5JL" failures="5" tests="5" name="Regression Tests" time="0.01" errors="0" timestamp="2026-05-12T19:16:27 CAT">
  <testcase classname="com.automation.tests.NewsletterTest" name="testErrorClearsOnValidInput" time="0.0">
    <failure type="java.lang.NullPointerException" message="Cannot invoke &amp;quot;com.automation.pages.SignupPage.enterEmail(String)&amp;quot; because &amp;quot;this.signupPage&amp;quot; is null">
      <![CDATA[java.lang.NullPointerException: Cannot invoke "com.automation.pages.SignupPage.enterEmail(String)" because "this.signupPage" is null
at com.automation.tests.NewsletterTest.testErrorClearsOnValidInput(NewsletterTest.java:156)
at java.base/java.util.ArrayList.forEach(ArrayList.java:1596)
... Removed 29 stack frames]]>
    </failure>
  </testcase> <!-- testErrorClearsOnValidInput -->
  <testcase classname="com.automation.tests.NewsletterTest" name="testErrorMessageText" time="0.0">
    <failure type="java.lang.NullPointerException" message="Cannot invoke &amp;quot;com.automation.pages.SignupPage.enterEmail(String)&amp;quot; because &amp;quot;this.signupPage&amp;quot; is null">
      <![CDATA[java.lang.NullPointerException: Cannot invoke "com.automation.pages.SignupPage.enterEmail(String)" because "this.signupPage" is null
at com.automation.tests.NewsletterTest.testErrorMessageText(NewsletterTest.java:209)
at java.base/java.util.ArrayList.forEach(ArrayList.java:1596)
... Removed 29 stack frames]]>
    </failure>
  </testcase> <!-- testErrorMessageText -->
  <testcase classname="com.automation.tests.NewsletterTest" name="testInvalidEmailSetsErrorStyle" time="0.0">
    <failure type="java.lang.NullPointerException" message="Cannot invoke &amp;quot;com.automation.pages.SignupPage.enterEmail(String)&amp;quot; because &amp;quot;this.signupPage&amp;quot; is null">
      <![CDATA[java.lang.NullPointerException: Cannot invoke "com.automation.pages.SignupPage.enterEmail(String)" because "this.signupPage" is null
at com.automation.tests.NewsletterTest.testInvalidEmailSetsErrorStyle(NewsletterTest.java:194)
at java.base/java.util.ArrayList.forEach(ArrayList.java:1596)
... Removed 29 stack frames]]>
    </failure>
  </testcase> <!-- testInvalidEmailSetsErrorStyle -->
  <testcase classname="com.automation.tests.NewsletterTest" name="testSignupCardHiddenAfterSubscribe" time="0.0">
    <failure type="java.lang.NullPointerException" message="Cannot invoke &amp;quot;com.automation.pages.SignupPage.enterEmail(String)&amp;quot; because &amp;quot;this.signupPage&amp;quot; is null">
      <![CDATA[java.lang.NullPointerException: Cannot invoke "com.automation.pages.SignupPage.enterEmail(String)" because "this.signupPage" is null
at com.automation.tests.NewsletterTest.testSignupCardHiddenAfterSubscribe(NewsletterTest.java:179)
at java.base/java.util.ArrayList.forEach(ArrayList.java:1596)
... Removed 29 stack frames]]>
    </failure>
  </testcase> <!-- testSignupCardHiddenAfterSubscribe -->
  <testcase classname="com.automation.tests.NewsletterTest" name="testSuccessCardShowsCorrectEmail" time="0.0">
    <failure type="java.lang.NullPointerException" message="Cannot invoke &amp;quot;com.automation.pages.SignupPage.enterEmail(String)&amp;quot; because &amp;quot;this.signupPage&amp;quot; is null">
      <![CDATA[java.lang.NullPointerException: Cannot invoke "com.automation.pages.SignupPage.enterEmail(String)" because "this.signupPage" is null
at com.automation.tests.NewsletterTest.testSuccessCardShowsCorrectEmail(NewsletterTest.java:139)
at java.base/java.util.ArrayList.forEach(ArrayList.java:1596)
... Removed 29 stack frames]]>
    </failure>
  </testcase> <!-- testSuccessCardShowsCorrectEmail -->
  <testcase classname="com.automation.tests.NewsletterTest" name="testValidEmailShowsSuccessCard" time="0.0">
    <ignored/>
  </testcase> <!-- testValidEmailShowsSuccessCard -->
  <testcase classname="com.automation.tests.NewsletterTest" name="testEmptyEmailShowsError" time="0.0">
    <ignored/>
  </testcase> <!-- testEmptyEmailShowsError -->
  <testcase classname="com.automation.tests.NewsletterTest" name="testInvalidEmailShowsError" time="0.0">
    <ignored/>
  </testcase> <!-- testInvalidEmailShowsError -->
  <testcase classname="com.automation.tests.NewsletterTest" name="testDismissReturnsToSignupCard" time="0.0">
    <ignored/>
  </testcase> <!-- testDismissReturnsToSignupCard -->
  <testcase classname="com.automation.tests.NewsletterTest" name="testSuccessCardHiddenOnLoad" time="0.0">
    <ignored/>
  </testcase> <!-- testSuccessCardHiddenOnLoad -->
</testsuite> <!-- Regression Tests -->
