<?xml version="1.0" encoding="UTF-8"?>
<!-- Generated by org.testng.reporters.JUnitXMLReporter -->
<testsuite ignored="5" hostname="DESKTOP-QVPU5JL" failures="5" tests="5" name="Smoke Tests" time="0.103" errors="0" timestamp="2026-05-12T19:16:27 CAT">
  <testcase classname="com.automation.tests.NewsletterTest" name="testDismissReturnsToSignupCard" time="0.012">
    <failure type="java.lang.NullPointerException" message="Cannot invoke &amp;quot;com.automation.pages.SignupPage.enterEmail(String)&amp;quot; because &amp;quot;this.signupPage&amp;quot; is null">
      <![CDATA[java.lang.NullPointerException: Cannot invoke "com.automation.pages.SignupPage.enterEmail(String)" because "this.signupPage" is null
at com.automation.tests.NewsletterTest.testDismissReturnsToSignupCard(NewsletterTest.java:106)
at java.base/java.util.ArrayList.forEach(ArrayList.java:1596)
... Removed 29 stack frames]]>
    </failure>
  </testcase> <!-- testDismissReturnsToSignupCard -->
  <testcase classname="com.automation.tests.NewsletterTest" name="testEmptyEmailShowsError" time="0.0">
    <failure type="java.lang.NullPointerException" message="Cannot invoke &amp;quot;com.automation.pages.SignupPage.enterEmail(String)&amp;quot; because &amp;quot;this.signupPage&amp;quot; is null">
      <![CDATA[java.lang.NullPointerException: Cannot invoke "com.automation.pages.SignupPage.enterEmail(String)" because "this.signupPage" is null
at com.automation.tests.NewsletterTest.testEmptyEmailShowsError(NewsletterTest.java:91)
at java.base/java.util.ArrayList.forEach(ArrayList.java:1596)
... Removed 29 stack frames]]>
    </failure>
  </testcase> <!-- testEmptyEmailShowsError -->
  <testcase classname="com.automation.tests.NewsletterTest" name="testInvalidEmailShowsError" time="0.0">
    <failure type="java.lang.NullPointerException" message="Cannot invoke &amp;quot;com.automation.pages.SignupPage.enterEmail(String)&amp;quot; because &amp;quot;this.signupPage&amp;quot; is null">
      <![CDATA[java.lang.NullPointerException: Cannot invoke "com.automation.pages.SignupPage.enterEmail(String)" because "this.signupPage" is null
at com.automation.tests.NewsletterTest.testInvalidEmailShowsError(NewsletterTest.java:76)
at java.base/java.util.ArrayList.forEach(ArrayList.java:1596)
... Removed 29 stack frames]]>
    </failure>
  </testcase> <!-- testInvalidEmailShowsError -->
  <testcase classname="com.automation.tests.NewsletterTest" name="testSuccessCardHiddenOnLoad" time="0.038">
    <failure type="java.lang.NullPointerException" message="Cannot invoke &amp;quot;org.openqa.selenium.SearchContext.findElement(org.openqa.selenium.By)&amp;quot; because &amp;quot;this.searchContext&amp;quot; is null">
      <![CDATA[java.lang.NullPointerException: Cannot invoke "org.openqa.selenium.SearchContext.findElement(org.openqa.selenium.By)" because "this.searchContext" is null
at org.openqa.selenium.support.pagefactory.DefaultElementLocator.findElement(DefaultElementLocator.java:68)
at org.openqa.selenium.support.pagefactory.internal.LocatingElementHandler.invoke(LocatingElementHandler.java:38)
at jdk.proxy2/jdk.proxy2.$Proxy8.getAttribute(Unknown Source)
at com.automation.helpers.PageHelper.hasClass(PageHelper.java:128)
at com.automation.pages.SuccessPage.isVisible(SuccessPage.java:68)
at com.automation.tests.NewsletterTest.testSuccessCardHiddenOnLoad(NewsletterTest.java:124)
at java.base/java.util.ArrayList.forEach(ArrayList.java:1596)
... Removed 29 stack frames]]>
    </failure>
  </testcase> <!-- testSuccessCardHiddenOnLoad -->
  <testcase classname="com.automation.tests.NewsletterTest" name="testValidEmailShowsSuccessCard" time="0.001">
    <failure type="java.lang.NullPointerException" message="Cannot invoke &amp;quot;com.automation.pages.SignupPage.enterEmail(String)&amp;quot; because &amp;quot;this.signupPage&amp;quot; is null">
      <![CDATA[java.lang.NullPointerException: Cannot invoke "com.automation.pages.SignupPage.enterEmail(String)" because "this.signupPage" is null
at com.automation.tests.NewsletterTest.testValidEmailShowsSuccessCard(NewsletterTest.java:61)
at java.base/java.util.ArrayList.forEach(ArrayList.java:1596)
... Removed 29 stack frames]]>
    </failure>
  </testcase> <!-- testValidEmailShowsSuccessCard -->
  <testcase classname="com.automation.tests.NewsletterTest" name="testErrorClearsOnValidInput" time="0.0">
    <ignored/>
  </testcase> <!-- testErrorClearsOnValidInput -->
  <testcase classname="com.automation.tests.NewsletterTest" name="testInvalidEmailSetsErrorStyle" time="0.0">
    <ignored/>
  </testcase> <!-- testInvalidEmailSetsErrorStyle -->
  <testcase classname="com.automation.tests.NewsletterTest" name="testSignupCardHiddenAfterSubscribe" time="0.0">
    <ignored/>
  </testcase> <!-- testSignupCardHiddenAfterSubscribe -->
  <testcase classname="com.automation.tests.NewsletterTest" name="testErrorMessageText" time="0.0">
    <ignored/>
  </testcase> <!-- testErrorMessageText -->
  <testcase classname="com.automation.tests.NewsletterTest" name="testSuccessCardShowsCorrectEmail" time="0.0">
    <ignored/>
  </testcase> <!-- testSuccessCardShowsCorrectEmail -->
</testsuite> <!-- Smoke Tests -->
