<?xml version="1.0" encoding="UTF-8"?>
<!-- Generated by org.testng.reporters.JUnitReportReporter -->
<testsuite hostname="DESKTOP-QVPU5JL" failures="0" tests="10" name="com.automation.tests.NewsletterTest" time="30.601" errors="0" timestamp="2026-05-12T19:29:59 CAT" skipped="0">
  <testcase classname="com.automation.tests.NewsletterTest" name="testValidEmailShowsSuccessCard" time="2.874"/>
  <testcase classname="com.automation.tests.NewsletterTest" name="testSuccessCardShowsCorrectEmail" time="3.353"/>
  <testcase classname="com.automation.tests.NewsletterTest" name="testSuccessCardHiddenOnLoad" time="2.755"/>
  <testcase classname="com.automation.tests.NewsletterTest" name="testInvalidEmailSetsErrorStyle" time="3.487"/>
  <testcase classname="com.automation.tests.NewsletterTest" name="testInvalidEmailShowsError" time="2.700"/>
  <testcase classname="com.automation.tests.NewsletterTest" name="testErrorMessageText" time="2.925"/>
  <testcase classname="com.automation.tests.NewsletterTest" name="testSignupCardHiddenAfterSubscribe" time="3.620"/>
  <testcase classname="com.automation.tests.NewsletterTest" name="testEmptyEmailShowsError" time="3.116"/>
  <testcase classname="com.automation.tests.NewsletterTest" name="testErrorClearsOnValidInput" time="2.983"/>
  <testcase classname="com.automation.tests.NewsletterTest" name="testDismissReturnsToSignupCard" time="2.788"/>
</testsuite> <!-- com.automation.tests.NewsletterTest -->
